{
    "timestamp": "2026-06-09 07:08:47",
    "method": "GET",
    "uri": "/",
    "get": [],
    "post": [],
    "headers": {
        "Host": "192.168.0.3:9999",
        "Connection": "keep-alive",
        "Cache-Control": "max-age=0",
        "Upgrade-Insecure-Requests": "1",
        "User-Agent": "Mozilla/5.0 (Windows NT 10.0; Win64; x64) AppleWebKit/537.36 (KHTML, like Gecko) Chrome/148.0.0.0 Safari/537.36",
        "Accept": "text/html,application/xhtml+xml,application/xml;q=0.9,image/avif,image/webp,image/apng,*/*;q=0.8,application/signed-exchange;v=b3;q=0.7",
        "Accept-Encoding": "gzip, deflate",
        "Accept-Language": "en-US,en;q=0.9"
    },
    "raw_body": ""
}
--------------------------------------------------------------------------------
{
    "timestamp": "2026-06-09 07:08:47",
    "method": "GET",
    "uri": "/favicon.ico",
    "get": [],
    "post": [],
    "headers": {
        "Host": "192.168.0.3:9999",
        "Connection": "keep-alive",
        "User-Agent": "Mozilla/5.0 (Windows NT 10.0; Win64; x64) AppleWebKit/537.36 (KHTML, like Gecko) Chrome/148.0.0.0 Safari/537.36",
        "Accept": "image/avif,image/webp,image/apng,image/svg+xml,image/*,*/*;q=0.8",
        "Referer": "http://192.168.0.3:9999/",
        "Accept-Encoding": "gzip, deflate",
        "Accept-Language": "en-US,en;q=0.9"
    },
    "raw_body": ""
}
--------------------------------------------------------------------------------
